# JRE version: OpenJDK Runtime Environment (7.0_55-b14) (build 1.7.0_55-b14)
# Java VM: OpenJDK 64-Bit Server VM (24.51-b03 mixed mode linux-amd64 compressed oops)
Heap
 PSYoungGen      total 285696K, used 21496K [0x00000000e0000000, 0x00000000f2c00000, 0x0000000100000000)
  eden space 264192K, 0% used [0x00000000e0000000,0x00000000e0000000,0x00000000f0200000)
  from space 21504K, 99% used [0x00000000f0200000,0x00000000f16fe328,0x00000000f1700000)
  to   space 21504K, 0% used [0x00000000f1700000,0x00000000f1700000,0x00000000f2c00000)
 ParOldGen       total 349696K, used 71518K [0x00000000a0000000, 0x00000000b5580000, 0x00000000e0000000)
  object space 349696K, 20% used [0x00000000a0000000,0x00000000a45d7a88,0x00000000b5580000)
 PSPermGen       total 54272K, used 53981K [0x0000000088000000, 0x000000008b500000, 0x00000000a0000000)
  object space 54272K, 99% used [0x0000000088000000,0x000000008b4b7698,0x000000008b500000)
GC Heap History (9 events):
Event: 4.014 GC heap before
{Heap before GC invocations=1 (full 0):
 PSYoungGen      total 153600K, used 132096K [0x00000000e0000000, 0x00000000eab00000, 0x0000000100000000)
  eden space 132096K, 100% used [0x00000000e0000000,0x00000000e8100000,0x00000000e8100000)
  from space 21504K, 0% used [0x00000000e9600000,0x00000000e9600000,0x00000000eab00000)
  to   space 21504K, 0% used [0x00000000e8100000,0x00000000e8100000,0x00000000e9600000)
 ParOldGen       total 349696K, used 0K [0x00000000a0000000, 0x00000000b5580000, 0x00000000e0000000)
  object space 349696K, 0% used [0x00000000a0000000,0x00000000a0000000,0x00000000b5580000)
 PSPermGen       total 22528K, used 22305K [0x0000000088000000, 0x0000000089600000, 0x00000000a0000000)
  object space 22528K, 99% used [0x0000000088000000,0x00000000895c8598,0x0000000089600000)
Event: 4.046 GC heap after
Heap after GC invocations=1 (full 0):
 PSYoungGen      total 153600K, used 16970K [0x00000000e0000000, 0x00000000eab00000, 0x0000000100000000)
  eden space 132096K, 0% used [0x00000000e0000000,0x00000000e0000000,0x00000000e8100000)
  from space 21504K, 78% used [0x00000000e8100000,0x00000000e9192b70,0x00000000e9600000)
  to   space 21504K, 0% used [0x00000000e9600000,0x00000000e9600000,0x00000000eab00000)
 ParOldGen       total 349696K, used 0K [0x00000000a0000000, 0x00000000b5580000, 0x00000000e0000000)
  object space 349696K, 0% used [0x00000000a0000000,0x00000000a0000000,0x00000000b5580000)
 PSPermGen       total 22528K, used 22305K [0x0000000088000000, 0x0000000089600000, 0x00000000a0000000)
  object space 22528K, 99% used [0x0000000088000000,0x00000000895c8598,0x0000000089600000)
}
Event: 6.393 GC heap before
{Heap before GC invocations=2 (full 0):
 PSYoungGen      total 153600K, used 149066K [0x00000000e0000000, 0x00000000eab00000, 0x0000000100000000)
  eden space 132096K, 100% used [0x00000000e0000000,0x00000000e8100000,0x00000000e8100000)
  from space 21504K, 78% used [0x00000000e8100000,0x00000000e9192b70,0x00000000e9600000)
  to   space 21504K, 0% used [0x00000000e9600000,0x00000000e9600000,0x00000000eab00000)
 ParOldGen       total 349696K, used 0K [0x00000000a0000000, 0x00000000b5580000, 0x00000000e0000000)
  object space 349696K, 0% used [0x00000000a0000000,0x00000000a0000000,0x00000000b5580000)
 PSPermGen       total 28160K, used 27925K [0x0000000088000000, 0x0000000089b80000, 0x00000000a0000000)
  object space 28160K, 99% used [0x0000000088000000,0x0000000089b457e0,0x0000000089b80000)
Event: 6.416 GC heap after
Heap after GC invocations=2 (full 0):
 PSYoungGen      total 153600K, used 10260K [0x00000000e0000000, 0x00000000eab00000, 0x0000000100000000)
  eden space 132096K, 0% used [0x00000000e0000000,0x00000000e0000000,0x00000000e8100000)
  from space 21504K, 47% used [0x00000000e9600000,0x00000000ea005360,0x00000000eab00000)
  to   space 21504K, 0% used [0x00000000e8100000,0x00000000e8100000,0x00000000e9600000)
 ParOldGen       total 349696K, used 0K [0x00000000a0000000, 0x00000000b5580000, 0x00000000e0000000)
  object space 349696K, 0% used [0x00000000a0000000,0x00000000a0000000,0x00000000b5580000)
 PSPermGen       total 28160K, used 27925K [0x0000000088000000, 0x0000000089b80000, 0x00000000a0000000)
  object space 28160K, 99% used [0x0000000088000000,0x0000000089b457e0,0x0000000089b80000)
}
Event: 7.970 GC heap before
{Heap before GC invocations=3 (full 0):
 PSYoungGen      total 153600K, used 142356K [0x00000000e0000000, 0x00000000eab00000, 0x0000000100000000)
  eden space 132096K, 100% used [0x00000000e0000000,0x00000000e8100000,0x00000000e8100000)
  from space 21504K, 47% used [0x00000000e9600000,0x00000000ea005360,0x00000000eab00000)
  to   space 21504K, 0% used [0x00000000e8100000,0x00000000e8100000,0x00000000e9600000)
 ParOldGen       total 349696K, used 0K [0x00000000a0000000, 0x00000000b5580000, 0x00000000e0000000)
  object space 349696K, 0% used [0x00000000a0000000,0x00000000a0000000,0x00000000b5580000)
 PSPermGen       total 37888K, used 37714K [0x0000000088000000, 0x000000008a500000, 0x00000000a0000000)
  object space 37888K, 99% used [0x0000000088000000,0x000000008a4d4a68,0x000000008a500000)
Event: 8.015 GC heap after
Heap after GC invocations=3 (full 0):
 PSYoungGen      total 153600K, used 21477K [0x00000000e0000000, 0x00000000f2c00000, 0x0000000100000000)
  eden space 132096K, 0% used [0x00000000e0000000,0x00000000e0000000,0x00000000e8100000)
  from space 21504K, 99% used [0x00000000e8100000,0x00000000e95f9658,0x00000000e9600000)
  to   space 21504K, 0% used [0x00000000f1700000,0x00000000f1700000,0x00000000f2c00000)
 ParOldGen       total 349696K, used 4447K [0x00000000a0000000, 0x00000000b5580000, 0x00000000e0000000)
  object space 349696K, 1% used [0x00000000a0000000,0x00000000a0457fc8,0x00000000b5580000)
 PSPermGen       total 37888K, used 37714K [0x0000000088000000, 0x000000008a500000, 0x00000000a0000000)
  object space 37888K, 99% used [0x0000000088000000,0x000000008a4d4a68,0x000000008a500000)
}
Event: 9.708 GC heap before
{Heap before GC invocations=4 (full 0):
 PSYoungGen      total 153600K, used 153573K [0x00000000e0000000, 0x00000000f2c00000, 0x0000000100000000)
  eden space 132096K, 100% used [0x00000000e0000000,0x00000000e8100000,0x00000000e8100000)
  from space 21504K, 99% used [0x00000000e8100000,0x00000000e95f9658,0x00000000e9600000)
  to   space 21504K, 0% used [0x00000000f1700000,0x00000000f1700000,0x00000000f2c00000)
 ParOldGen       total 349696K, used 4447K [0x00000000a0000000, 0x00000000b5580000, 0x00000000e0000000)
  object space 349696K, 1% used [0x00000000a0000000,0x00000000a0457fc8,0x00000000b5580000)
 PSPermGen       total 49152K, used 49067K [0x0000000088000000, 0x000000008b000000, 0x00000000a0000000)
  object space 49152K, 99% used [0x0000000088000000,0x000000008afeaf30,0x000000008b000000)
Event: 9.853 GC heap after
Heap after GC invocations=4 (full 0):
 PSYoungGen      total 285696K, used 21474K [0x00000000e0000000, 0x00000000f2c00000, 0x0000000100000000)
  eden space 264192K, 0% used [0x00000000e0000000,0x00000000e0000000,0x00000000f0200000)
  from space 21504K, 99% used [0x00000000f1700000,0x00000000f2bf8958,0x00000000f2c00000)
  to   space 21504K, 0% used [0x00000000f0200000,0x00000000f0200000,0x00000000f1700000)
 ParOldGen       total 349696K, used 63309K [0x00000000a0000000, 0x00000000b5580000, 0x00000000e0000000)
  object space 349696K, 18% used [0x00000000a0000000,0x00000000a3dd3680,0x00000000b5580000)
 PSPermGen       total 49152K, used 49067K [0x0000000088000000, 0x000000008b000000, 0x00000000a0000000)
  object space 49152K, 99% used [0x0000000088000000,0x000000008afeaf30,0x000000008b000000)
}
Event: 11.452 GC heap before
{Heap before GC invocations=5 (full 0):
 PSYoungGen      total 285696K, used 285666K [0x00000000e0000000, 0x00000000f2c00000, 0x0000000100000000)
  eden space 264192K, 100% used [0x00000000e0000000,0x00000000f0200000,0x00000000f0200000)
  from space 21504K, 99% used [0x00000000f1700000,0x00000000f2bf8958,0x00000000f2c00000)
  to   space 21504K, 0% used [0x00000000f0200000,0x00000000f0200000,0x00000000f1700000)
 ParOldGen       total 349696K, used 63309K [0x00000000a0000000, 0x00000000b5580000, 0x00000000e0000000)
  object space 349696K, 18% used [0x00000000a0000000,0x00000000a3dd3680,0x00000000b5580000)
 PSPermGen       total 54272K, used 53981K [0x0000000088000000, 0x000000008b500000, 0x00000000a0000000)
  object space 54272K, 99% used [0x0000000088000000,0x000000008b4b7698,0x000000008b500000)

